2018-11-14 22:07:14.499  INFO 8232 --- [main] i.s.s.IoSpringSampleApplicationTests     : Starting IoSpringSampleApplicationTests on LELLO-PC with PID 8232 (started by Lello in C:\Users\Lello\Documents\workspace-sts-3.9.4.RELEASE\io-spring-sample)
2018-11-14 22:07:14.515  INFO 8232 --- [main] i.s.s.IoSpringSampleApplicationTests     : No active profile set, falling back to default profiles: default
2018-11-14 22:07:19.428  INFO 8232 --- [main] o.s.s.concurrent.ThreadPoolTaskExecutor  : Initializing ExecutorService 'applicationTaskExecutor'
2018-11-14 22:07:20.235  INFO 8232 --- [main] i.s.s.IoSpringSampleApplicationTests     : Started IoSpringSampleApplicationTests in 7.058 seconds (JVM running for 9.858)
2018-11-14 22:07:21.126  INFO 8232 --- [Thread-2] o.s.s.concurrent.ThreadPoolTaskExecutor  : Shutting down ExecutorService 'applicationTaskExecutor'
2018-11-14 22:12:50.816  INFO 9036 --- [main] i.s.s.IoSpringSampleApplicationTests     : Starting IoSpringSampleApplicationTests on LELLO-PC with PID 9036 (started by Lello in C:\Users\Lello\Documents\workspace-sts-3.9.4.RELEASE\io-spring-sample)
2018-11-14 22:12:50.816  INFO 9036 --- [main] i.s.s.IoSpringSampleApplicationTests     : No active profile set, falling back to default profiles: default
2018-11-14 22:12:54.866  INFO 9036 --- [main] o.s.s.concurrent.ThreadPoolTaskExecutor  : Initializing ExecutorService 'applicationTaskExecutor'
2018-11-14 22:12:55.647  INFO 9036 --- [main] i.s.s.IoSpringSampleApplicationTests     : Started IoSpringSampleApplicationTests in 6.034 seconds (JVM running for 8.488)
2018-11-14 22:12:56.413  INFO 9036 --- [Thread-2] o.s.s.concurrent.ThreadPoolTaskExecutor  : Shutting down ExecutorService 'applicationTaskExecutor'
2018-11-14 22:15:19.458  INFO 12308 --- [main] i.s.s.IoSpringSampleApplicationTests     : Starting IoSpringSampleApplicationTests on LELLO-PC with PID 12308 (started by Lello in C:\Users\Lello\Documents\workspace-sts-3.9.4.RELEASE\io-spring-sample)
2018-11-14 22:15:19.474  INFO 12308 --- [main] i.s.s.IoSpringSampleApplicationTests     : No active profile set, falling back to default profiles: default
2018-11-14 22:15:23.264  INFO 12308 --- [main] o.s.s.concurrent.ThreadPoolTaskExecutor  : Initializing ExecutorService 'applicationTaskExecutor'
2018-11-14 22:15:24.204  INFO 12308 --- [main] i.s.s.IoSpringSampleApplicationTests     : Started IoSpringSampleApplicationTests in 6.152 seconds (JVM running for 8.656)
2018-11-14 22:15:24.950  INFO 12308 --- [Thread-2] o.s.s.concurrent.ThreadPoolTaskExecutor  : Shutting down ExecutorService 'applicationTaskExecutor'
2018-11-14 22:17:32.815  INFO 13456 --- [main] i.s.s.IoSpringSampleApplicationTests     : Starting IoSpringSampleApplicationTests on LELLO-PC with PID 13456 (started by Lello in C:\Users\Lello\Documents\workspace-sts-3.9.4.RELEASE\io-spring-sample)
2018-11-14 22:17:32.818  INFO 13456 --- [main] i.s.s.IoSpringSampleApplicationTests     : No active profile set, falling back to default profiles: default
2018-11-14 22:17:37.835  INFO 13456 --- [main] i.s.s.IoSpringSampleApplicationTests     : Started IoSpringSampleApplicationTests in 6.194 seconds (JVM running for 8.579)
2018-11-14 22:19:47.690  INFO 12828 --- [main] i.s.s.IoSpringSampleApplicationTests     : Starting IoSpringSampleApplicationTests on LELLO-PC with PID 12828 (started by Lello in C:\Users\Lello\Documents\workspace-sts-3.9.4.RELEASE\io-spring-sample)
2018-11-14 22:19:47.690  INFO 12828 --- [main] i.s.s.IoSpringSampleApplicationTests     : No active profile set, falling back to default profiles: default
2018-11-14 22:19:52.460  INFO 12828 --- [main] i.s.s.IoSpringSampleApplicationTests     : Started IoSpringSampleApplicationTests in 6.129 seconds (JVM running for 8.937)
2018-11-14 22:29:31.115  INFO 14492 --- [main] i.s.s.IoSpringSampleApplicationTests     : Starting IoSpringSampleApplicationTests on LELLO-PC with PID 14492 (started by Lello in C:\Users\Lello\Documents\workspace-sts-3.9.4.RELEASE\io-spring-sample)
2018-11-14 22:29:31.118 DEBUG 14492 --- [main] i.s.s.IoSpringSampleApplicationTests     : Running with Spring Boot v2.1.0.RELEASE, Spring v5.1.2.RELEASE
2018-11-14 22:29:31.124  INFO 14492 --- [main] i.s.s.IoSpringSampleApplicationTests     : No active profile set, falling back to default profiles: default
2018-11-14 22:29:36.428  INFO 14492 --- [main] i.s.s.IoSpringSampleApplicationTests     : Started IoSpringSampleApplicationTests in 6.679 seconds (JVM running for 9.62)
2018-11-14 22:41:20.142 DEBUG 17076 --- [background-preinit] .h.v.m.ResourceBundleMessageInterpolator : Loaded expression factory via original TCCL
2018-11-14 22:41:20.471  INFO 17076 --- [main] i.s.s.IoSpringSampleApplicationTests     : Starting IoSpringSampleApplicationTests on LELLO-PC with PID 17076 (started by Lello in C:\Users\Lello\Documents\workspace-sts-3.9.4.RELEASE\io-spring-sample)
2018-11-14 22:41:20.471 DEBUG 17076 --- [main] i.s.s.IoSpringSampleApplicationTests     : Running with Spring Boot v2.1.0.RELEASE, Spring v5.1.2.RELEASE
2018-11-14 22:41:20.471  INFO 17076 --- [main] i.s.s.IoSpringSampleApplicationTests     : No active profile set, falling back to default profiles: default
2018-11-14 22:41:25.759  INFO 17076 --- [main] i.s.s.IoSpringSampleApplicationTests     : Started IoSpringSampleApplicationTests in 6.672 seconds (JVM running for 9.492)
2018-11-14 22:51:20.987  INFO 8536 --- [main] i.s.s.IoSpringSampleApplicationTests     : Starting IoSpringSampleApplicationTests on LELLO-PC with PID 8536 (started by Lello in C:\Users\Lello\Documents\workspace-sts-3.9.4.RELEASE\io-spring-sample)
2018-11-14 22:51:20.987 DEBUG 8536 --- [main] i.s.s.IoSpringSampleApplicationTests     : Running with Spring Boot v2.1.0.RELEASE, Spring v5.1.2.RELEASE
2018-11-14 22:51:20.987  INFO 8536 --- [main] i.s.s.IoSpringSampleApplicationTests     : No active profile set, falling back to default profiles: default
2018-11-14 22:51:25.851  INFO 8536 --- [main] i.s.s.IoSpringSampleApplicationTests     : Started IoSpringSampleApplicationTests in 6.202 seconds (JVM running for 9.698)
